{"/home/natalia/desafio_nodejs/financial_statement/src/config/auth.ts": {"path":"/home/natalia/desafio_nodejs/financial_statement/src/config/auth.ts","all":false,"statementMap":{"0":{"start":{"line":1,"column":0},"end":{"line":1,"column":16}},"1":{"start":{"line":2,"column":0},"end":{"line":2,"column":8}},"2":{"start":{"line":3,"column":0},"end":{"line":3,"column":45}},"3":{"start":{"line":4,"column":0},"end":{"line":4,"column":19}},"4":{"start":{"line":5,"column":0},"end":{"line":5,"column":3}},"5":{"start":{"line":6,"column":0},"end":{"line":6,"column":1}}},"s":{"0":1,"1":1,"2":1,"3":1,"4":1,"5":1},"branchMap":{},"b":{},"fnMap":{},"f":{}}
,"/home/natalia/desafio_nodejs/financial_statement/src/modules/statements/entities/Statement.ts": {"path":"/home/natalia/desafio_nodejs/financial_statement/src/modules/statements/entities/Statement.ts","all":false,"statementMap":{"0":{"start":{"line":1,"column":0},"end":{"line":1,"column":8}},"1":{"start":{"line":2,"column":0},"end":{"line":2,"column":9}},"2":{"start":{"line":3,"column":0},"end":{"line":3,"column":19}},"3":{"start":{"line":4,"column":0},"end":{"line":4,"column":9}},"4":{"start":{"line":5,"column":0},"end":{"line":5,"column":13}},"5":{"start":{"line":6,"column":0},"end":{"line":6,"column":12}},"6":{"start":{"line":7,"column":0},"end":{"line":7,"column":24}},"7":{"start":{"line":8,"column":0},"end":{"line":8,"column":17}},"8":{"start":{"line":9,"column":0},"end":{"line":9,"column":34}},"9":{"start":{"line":10,"column":0},"end":{"line":10,"column":0}},"10":{"start":{"line":11,"column":0},"end":{"line":11,"column":49}},"11":{"start":{"line":12,"column":0},"end":{"line":12,"column":0}},"12":{"start":{"line":13,"column":0},"end":{"line":13,"column":27}},"13":{"start":{"line":14,"column":0},"end":{"line":14,"column":22}},"14":{"start":{"line":15,"column":0},"end":{"line":15,"column":24}},"15":{"start":{"line":16,"column":0},"end":{"line":16,"column":1}},"16":{"start":{"line":17,"column":0},"end":{"line":17,"column":0}},"17":{"start":{"line":18,"column":0},"end":{"line":18,"column":21}},"18":{"start":{"line":19,"column":0},"end":{"line":19,"column":24}},"19":{"start":{"line":20,"column":0},"end":{"line":20,"column":33}},"20":{"start":{"line":21,"column":0},"end":{"line":21,"column":14}},"21":{"start":{"line":22,"column":0},"end":{"line":22,"column":0}},"22":{"start":{"line":23,"column":0},"end":{"line":23,"column":17}},"23":{"start":{"line":24,"column":0},"end":{"line":24,"column":18}},"24":{"start":{"line":25,"column":0},"end":{"line":25,"column":0}},"25":{"start":{"line":26,"column":0},"end":{"line":26,"column":48}},"26":{"start":{"line":27,"column":0},"end":{"line":27,"column":34}},"27":{"start":{"line":28,"column":0},"end":{"line":28,"column":13}},"28":{"start":{"line":29,"column":0},"end":{"line":29,"column":0}},"29":{"start":{"line":30,"column":0},"end":{"line":30,"column":11}},"30":{"start":{"line":31,"column":0},"end":{"line":31,"column":22}},"31":{"start":{"line":32,"column":0},"end":{"line":32,"column":0}},"32":{"start":{"line":33,"column":0},"end":{"line":33,"column":48}},"33":{"start":{"line":34,"column":0},"end":{"line":34,"column":17}},"34":{"start":{"line":35,"column":0},"end":{"line":35,"column":0}},"35":{"start":{"line":36,"column":0},"end":{"line":36,"column":48}},"36":{"start":{"line":37,"column":0},"end":{"line":37,"column":22}},"37":{"start":{"line":38,"column":0},"end":{"line":38,"column":0}},"38":{"start":{"line":39,"column":0},"end":{"line":39,"column":21}},"39":{"start":{"line":40,"column":0},"end":{"line":40,"column":19}},"40":{"start":{"line":41,"column":0},"end":{"line":41,"column":0}},"41":{"start":{"line":42,"column":0},"end":{"line":42,"column":21}},"42":{"start":{"line":43,"column":0},"end":{"line":43,"column":19}},"43":{"start":{"line":44,"column":0},"end":{"line":44,"column":0}},"44":{"start":{"line":45,"column":0},"end":{"line":45,"column":17}},"45":{"start":{"line":46,"column":0},"end":{"line":46,"column":19}},"46":{"start":{"line":47,"column":0},"end":{"line":47,"column":23}},"47":{"start":{"line":48,"column":0},"end":{"line":48,"column":5}},"48":{"start":{"line":49,"column":0},"end":{"line":49,"column":3}},"49":{"start":{"line":50,"column":0},"end":{"line":50,"column":1}}},"s":{"0":1,"1":1,"2":1,"3":1,"4":1,"5":1,"6":1,"7":1,"8":1,"9":1,"10":1,"11":1,"12":7,"13":7,"14":7,"15":7,"16":1,"17":1,"18":7,"19":7,"20":7,"21":7,"22":7,"23":7,"24":7,"25":7,"26":7,"27":7,"28":7,"29":7,"30":7,"31":7,"32":7,"33":7,"34":7,"35":7,"36":7,"37":7,"38":7,"39":7,"40":7,"41":7,"42":7,"43":7,"44":7,"45":11,"46":11,"47":11,"48":11,"49":7},"branchMap":{"0":{"type":"branch","line":13,"loc":{"start":{"line":13,"column":0},"end":{"line":16,"column":1}},"locations":[{"start":{"line":13,"column":0},"end":{"line":16,"column":1}}]},"1":{"type":"branch","line":19,"loc":{"start":{"line":19,"column":0},"end":{"line":50,"column":1}},"locations":[{"start":{"line":19,"column":0},"end":{"line":50,"column":1}}]},"2":{"type":"branch","line":45,"loc":{"start":{"line":45,"column":2},"end":{"line":49,"column":3}},"locations":[{"start":{"line":45,"column":2},"end":{"line":49,"column":3}}]}},"b":{"0":[7],"1":[7],"2":[11]},"fnMap":{"0":{"name":"Statement","decl":{"start":{"line":45,"column":2},"end":{"line":49,"column":3}},"loc":{"start":{"line":45,"column":2},"end":{"line":49,"column":3}},"line":45},"1":{"name":"Object.<anonymous>.__decorate.name","decl":{"start":{"line":26,"column":13},"end":{"line":26,"column":23}},"loc":{"start":{"line":26,"column":13},"end":{"line":26,"column":23}},"line":26}},"f":{"0":11,"1":0}}
,"/home/natalia/desafio_nodejs/financial_statement/src/modules/statements/entities/Transfer.ts": {"path":"/home/natalia/desafio_nodejs/financial_statement/src/modules/statements/entities/Transfer.ts","all":false,"statementMap":{"0":{"start":{"line":1,"column":0},"end":{"line":1,"column":106}},"1":{"start":{"line":2,"column":0},"end":{"line":2,"column":34}},"2":{"start":{"line":3,"column":0},"end":{"line":3,"column":49}},"3":{"start":{"line":4,"column":0},"end":{"line":4,"column":0}},"4":{"start":{"line":5,"column":0},"end":{"line":5,"column":31}},"5":{"start":{"line":6,"column":0},"end":{"line":6,"column":25}},"6":{"start":{"line":7,"column":0},"end":{"line":7,"column":1}},"7":{"start":{"line":8,"column":0},"end":{"line":8,"column":0}},"8":{"start":{"line":9,"column":0},"end":{"line":9,"column":20}},"9":{"start":{"line":10,"column":0},"end":{"line":10,"column":16}},"10":{"start":{"line":11,"column":0},"end":{"line":11,"column":35}},"11":{"start":{"line":12,"column":0},"end":{"line":12,"column":15}},"12":{"start":{"line":13,"column":0},"end":{"line":13,"column":0}},"13":{"start":{"line":14,"column":0},"end":{"line":14,"column":19}},"14":{"start":{"line":15,"column":0},"end":{"line":15,"column":22}},"15":{"start":{"line":16,"column":0},"end":{"line":16,"column":0}},"16":{"start":{"line":17,"column":0},"end":{"line":17,"column":49}},"17":{"start":{"line":18,"column":0},"end":{"line":18,"column":37}},"18":{"start":{"line":19,"column":0},"end":{"line":19,"column":15}},"19":{"start":{"line":20,"column":0},"end":{"line":20,"column":0}},"20":{"start":{"line":21,"column":0},"end":{"line":21,"column":49}},"21":{"start":{"line":22,"column":0},"end":{"line":22,"column":19}},"22":{"start":{"line":23,"column":0},"end":{"line":23,"column":0}},"23":{"start":{"line":24,"column":0},"end":{"line":24,"column":13}},"24":{"start":{"line":25,"column":0},"end":{"line":25,"column":24}},"25":{"start":{"line":26,"column":0},"end":{"line":26,"column":0}},"26":{"start":{"line":27,"column":0},"end":{"line":27,"column":54}},"27":{"start":{"line":28,"column":0},"end":{"line":28,"column":28}},"28":{"start":{"line":29,"column":0},"end":{"line":29,"column":0}},"29":{"start":{"line":30,"column":0},"end":{"line":30,"column":23}},"30":{"start":{"line":31,"column":0},"end":{"line":31,"column":21}},"31":{"start":{"line":32,"column":0},"end":{"line":32,"column":0}},"32":{"start":{"line":33,"column":0},"end":{"line":33,"column":23}},"33":{"start":{"line":34,"column":0},"end":{"line":34,"column":21}},"34":{"start":{"line":35,"column":0},"end":{"line":35,"column":0}},"35":{"start":{"line":36,"column":0},"end":{"line":36,"column":18}},"36":{"start":{"line":37,"column":0},"end":{"line":37,"column":21}},"37":{"start":{"line":38,"column":0},"end":{"line":38,"column":29}},"38":{"start":{"line":39,"column":0},"end":{"line":39,"column":9}},"39":{"start":{"line":40,"column":0},"end":{"line":40,"column":23}},"40":{"start":{"line":41,"column":0},"end":{"line":41,"column":51}},"41":{"start":{"line":42,"column":0},"end":{"line":42,"column":9}},"42":{"start":{"line":43,"column":0},"end":{"line":43,"column":5}},"43":{"start":{"line":44,"column":0},"end":{"line":44,"column":1}},"44":{"start":{"line":45,"column":0},"end":{"line":45,"column":19}}},"s":{"0":1,"1":1,"2":1,"3":1,"4":7,"5":7,"6":7,"7":1,"8":1,"9":7,"10":7,"11":7,"12":7,"13":7,"14":7,"15":7,"16":7,"17":7,"18":7,"19":7,"20":7,"21":7,"22":7,"23":7,"24":7,"25":7,"26":7,"27":7,"28":7,"29":7,"30":7,"31":7,"32":7,"33":7,"34":7,"35":7,"36":2,"37":2,"38":2,"39":2,"40":2,"41":2,"42":2,"43":7,"44":1},"branchMap":{"0":{"type":"branch","line":5,"loc":{"start":{"line":5,"column":0},"end":{"line":7,"column":1}},"locations":[{"start":{"line":5,"column":0},"end":{"line":7,"column":1}}]},"1":{"type":"branch","line":10,"loc":{"start":{"line":10,"column":0},"end":{"line":44,"column":1}},"locations":[{"start":{"line":10,"column":0},"end":{"line":44,"column":1}}]},"2":{"type":"branch","line":36,"loc":{"start":{"line":36,"column":4},"end":{"line":43,"column":5}},"locations":[{"start":{"line":36,"column":4},"end":{"line":43,"column":5}}]}},"b":{"0":[7],"1":[7],"2":[2]},"fnMap":{"0":{"name":"Transfer","decl":{"start":{"line":36,"column":4},"end":{"line":43,"column":5}},"loc":{"start":{"line":36,"column":4},"end":{"line":43,"column":5}},"line":36},"1":{"name":"Object.<anonymous>.__decorate.name","decl":{"start":{"line":17,"column":15},"end":{"line":17,"column":25}},"loc":{"start":{"line":17,"column":15},"end":{"line":17,"column":25}},"line":17}},"f":{"0":2,"1":0}}
,"/home/natalia/desafio_nodejs/financial_statement/src/modules/statements/repositories/in-memory/InMemoryStatementsRepository.ts": {"path":"/home/natalia/desafio_nodejs/financial_statement/src/modules/statements/repositories/in-memory/InMemoryStatementsRepository.ts","all":false,"statementMap":{"0":{"start":{"line":1,"column":0},"end":{"line":1,"column":53}},"1":{"start":{"line":2,"column":0},"end":{"line":2,"column":51}},"2":{"start":{"line":3,"column":0},"end":{"line":3,"column":89}},"3":{"start":{"line":4,"column":0},"end":{"line":4,"column":74}},"4":{"start":{"line":5,"column":0},"end":{"line":5,"column":107}},"5":{"start":{"line":6,"column":0},"end":{"line":6,"column":65}},"6":{"start":{"line":7,"column":0},"end":{"line":7,"column":0}},"7":{"start":{"line":8,"column":0},"end":{"line":8,"column":76}},"8":{"start":{"line":9,"column":0},"end":{"line":9,"column":39}},"9":{"start":{"line":10,"column":0},"end":{"line":10,"column":0}},"10":{"start":{"line":11,"column":0},"end":{"line":11,"column":63}},"11":{"start":{"line":12,"column":0},"end":{"line":12,"column":38}},"12":{"start":{"line":13,"column":0},"end":{"line":13,"column":0}},"13":{"start":{"line":14,"column":0},"end":{"line":14,"column":35}},"14":{"start":{"line":15,"column":0},"end":{"line":15,"column":0}},"15":{"start":{"line":16,"column":0},"end":{"line":16,"column":36}},"16":{"start":{"line":17,"column":0},"end":{"line":17,"column":0}},"17":{"start":{"line":18,"column":0},"end":{"line":18,"column":21}},"18":{"start":{"line":19,"column":0},"end":{"line":19,"column":3}},"19":{"start":{"line":20,"column":0},"end":{"line":20,"column":0}},"20":{"start":{"line":21,"column":0},"end":{"line":21,"column":118}},"21":{"start":{"line":22,"column":0},"end":{"line":22,"column":46}},"22":{"start":{"line":23,"column":0},"end":{"line":23,"column":38}},"23":{"start":{"line":24,"column":0},"end":{"line":24,"column":35}},"24":{"start":{"line":25,"column":0},"end":{"line":25,"column":7}},"25":{"start":{"line":26,"column":0},"end":{"line":26,"column":3}},"26":{"start":{"line":27,"column":0},"end":{"line":27,"column":0}},"27":{"start":{"line":28,"column":0},"end":{"line":28,"column":76}},"28":{"start":{"line":29,"column":0},"end":{"line":29,"column":12}},"29":{"start":{"line":30,"column":0},"end":{"line":30,"column":93}},"30":{"start":{"line":31,"column":0},"end":{"line":31,"column":5}},"31":{"start":{"line":32,"column":0},"end":{"line":32,"column":3}},"32":{"start":{"line":33,"column":0},"end":{"line":33,"column":89}},"33":{"start":{"line":34,"column":0},"end":{"line":34,"column":4}},"34":{"start":{"line":35,"column":0},"end":{"line":35,"column":68}},"35":{"start":{"line":36,"column":0},"end":{"line":36,"column":41}},"36":{"start":{"line":37,"column":0},"end":{"line":37,"column":38}},"37":{"start":{"line":38,"column":0},"end":{"line":38,"column":14}},"38":{"start":{"line":39,"column":0},"end":{"line":39,"column":38}},"39":{"start":{"line":40,"column":0},"end":{"line":40,"column":7}},"40":{"start":{"line":41,"column":0},"end":{"line":41,"column":10}},"41":{"start":{"line":42,"column":0},"end":{"line":42,"column":0}},"42":{"start":{"line":43,"column":0},"end":{"line":43,"column":4}},"43":{"start":{"line":44,"column":0},"end":{"line":44,"column":0}},"44":{"start":{"line":45,"column":0},"end":{"line":45,"column":39}},"45":{"start":{"line":46,"column":0},"end":{"line":46,"column":0}},"46":{"start":{"line":47,"column":0},"end":{"line":47,"column":25}},"47":{"start":{"line":48,"column":0},"end":{"line":48,"column":14}},"48":{"start":{"line":49,"column":0},"end":{"line":49,"column":18}},"49":{"start":{"line":50,"column":0},"end":{"line":50,"column":15}},"50":{"start":{"line":51,"column":0},"end":{"line":51,"column":7}},"51":{"start":{"line":52,"column":0},"end":{"line":52,"column":5}},"52":{"start":{"line":53,"column":0},"end":{"line":53,"column":0}},"53":{"start":{"line":54,"column":0},"end":{"line":54,"column":22}},"54":{"start":{"line":55,"column":0},"end":{"line":55,"column":3}},"55":{"start":{"line":56,"column":0},"end":{"line":56,"column":1}}},"s":{"0":1,"1":1,"2":1,"3":1,"4":1,"5":1,"6":1,"7":12,"8":12,"9":12,"10":12,"11":11,"12":11,"13":11,"14":11,"15":11,"16":11,"17":11,"18":11,"19":12,"20":12,"21":1,"22":1,"23":1,"24":1,"25":1,"26":12,"27":12,"28":5,"29":5,"30":5,"31":5,"32":5,"33":5,"34":5,"35":6,"36":5,"37":5,"38":1,"39":1,"40":5,"41":5,"42":5,"43":5,"44":5,"45":5,"46":5,"47":1,"48":1,"49":1,"50":1,"51":1,"52":5,"53":5,"54":5,"55":12},"branchMap":{"0":{"type":"branch","line":8,"loc":{"start":{"line":8,"column":0},"end":{"line":56,"column":1}},"locations":[{"start":{"line":8,"column":0},"end":{"line":56,"column":1}}]},"1":{"type":"branch","line":8,"loc":{"start":{"line":8,"column":0},"end":{"line":56,"column":1}},"locations":[{"start":{"line":8,"column":0},"end":{"line":56,"column":1}}]},"2":{"type":"branch","line":11,"loc":{"start":{"line":11,"column":2},"end":{"line":19,"column":3}},"locations":[{"start":{"line":11,"column":2},"end":{"line":19,"column":3}}]},"3":{"type":"branch","line":21,"loc":{"start":{"line":21,"column":2},"end":{"line":26,"column":3}},"locations":[{"start":{"line":21,"column":2},"end":{"line":26,"column":3}}]},"4":{"type":"branch","line":22,"loc":{"start":{"line":22,"column":32},"end":{"line":22,"column":46}},"locations":[{"start":{"line":22,"column":32},"end":{"line":22,"column":46}}]},"5":{"type":"branch","line":28,"loc":{"start":{"line":28,"column":2},"end":{"line":55,"column":3}},"locations":[{"start":{"line":28,"column":2},"end":{"line":55,"column":3}}]},"6":{"type":"branch","line":28,"loc":{"start":{"line":28,"column":48},"end":{"line":28,"column":56}},"locations":[{"start":{"line":28,"column":48},"end":{"line":28,"column":56}}]},"7":{"type":"branch","line":28,"loc":{"start":{"line":28,"column":56},"end":{"line":28,"column":74}},"locations":[{"start":{"line":28,"column":56},"end":{"line":28,"column":74}}]},"8":{"type":"branch","line":47,"loc":{"start":{"line":47,"column":24},"end":{"line":52,"column":5}},"locations":[{"start":{"line":47,"column":24},"end":{"line":52,"column":5}}]},"9":{"type":"branch","line":33,"loc":{"start":{"line":33,"column":45},"end":{"line":33,"column":67}},"locations":[{"start":{"line":33,"column":45},"end":{"line":33,"column":67}}]},"10":{"type":"branch","line":35,"loc":{"start":{"line":35,"column":47},"end":{"line":41,"column":5}},"locations":[{"start":{"line":35,"column":47},"end":{"line":41,"column":5}}]},"11":{"type":"branch","line":36,"loc":{"start":{"line":36,"column":40},"end":{"line":40,"column":7}},"locations":[{"start":{"line":36,"column":40},"end":{"line":40,"column":7}}]},"12":{"type":"branch","line":38,"loc":{"start":{"line":38,"column":7},"end":{"line":40,"column":7}},"locations":[{"start":{"line":38,"column":7},"end":{"line":40,"column":7}}]}},"b":{"0":[4],"1":[12],"2":[11],"3":[1],"4":[1],"5":[5],"6":[4],"7":[1],"8":[1],"9":[6],"10":[6],"11":[5],"12":[1]},"fnMap":{"0":{"name":"InMemoryStatementsRepository","decl":{"start":{"line":8,"column":0},"end":{"line":56,"column":1}},"loc":{"start":{"line":8,"column":0},"end":{"line":56,"column":1}},"line":8},"1":{"name":"Object.<anonymous>.InMemoryStatementsRepository.create","decl":{"start":{"line":11,"column":2},"end":{"line":19,"column":3}},"loc":{"start":{"line":11,"column":2},"end":{"line":19,"column":3}},"line":11},"2":{"name":"Object.<anonymous>.InMemoryStatementsRepository.findStatementOperation","decl":{"start":{"line":21,"column":2},"end":{"line":26,"column":3}},"loc":{"start":{"line":21,"column":2},"end":{"line":26,"column":3}},"line":21},"3":{"name":"Object.<anonymous>.InMemoryStatementsRepository.getUserBalance","decl":{"start":{"line":28,"column":2},"end":{"line":55,"column":3}},"loc":{"start":{"line":28,"column":2},"end":{"line":55,"column":3}},"line":28}},"f":{"0":12,"1":11,"2":1,"3":5}}
,"/home/natalia/desafio_nodejs/financial_statement/src/modules/statements/repositories/in-memory/InMemoryTransfersRepository.ts": {"path":"/home/natalia/desafio_nodejs/financial_statement/src/modules/statements/repositories/in-memory/InMemoryTransfersRepository.ts","all":false,"statementMap":{"0":{"start":{"line":1,"column":0},"end":{"line":1,"column":51}},"1":{"start":{"line":2,"column":0},"end":{"line":2,"column":86}},"2":{"start":{"line":3,"column":0},"end":{"line":3,"column":74}},"3":{"start":{"line":4,"column":0},"end":{"line":4,"column":63}},"4":{"start":{"line":5,"column":0},"end":{"line":5,"column":0}},"5":{"start":{"line":6,"column":0},"end":{"line":6,"column":74}},"6":{"start":{"line":7,"column":0},"end":{"line":7,"column":39}},"7":{"start":{"line":8,"column":0},"end":{"line":8,"column":0}},"8":{"start":{"line":9,"column":0},"end":{"line":9,"column":64}},"9":{"start":{"line":10,"column":0},"end":{"line":10,"column":40}},"10":{"start":{"line":11,"column":0},"end":{"line":11,"column":0}},"11":{"start":{"line":12,"column":0},"end":{"line":12,"column":38}},"12":{"start":{"line":13,"column":0},"end":{"line":13,"column":0}},"13":{"start":{"line":14,"column":0},"end":{"line":14,"column":38}},"14":{"start":{"line":15,"column":0},"end":{"line":15,"column":0}},"15":{"start":{"line":16,"column":0},"end":{"line":16,"column":24}},"16":{"start":{"line":17,"column":0},"end":{"line":17,"column":5}},"17":{"start":{"line":18,"column":0},"end":{"line":18,"column":158}},"18":{"start":{"line":19,"column":0},"end":{"line":19,"column":95}},"19":{"start":{"line":20,"column":0},"end":{"line":20,"column":8}},"20":{"start":{"line":21,"column":0},"end":{"line":21,"column":70}},"21":{"start":{"line":22,"column":0},"end":{"line":22,"column":42}},"22":{"start":{"line":23,"column":0},"end":{"line":23,"column":15}},"23":{"start":{"line":24,"column":0},"end":{"line":24,"column":8}},"24":{"start":{"line":25,"column":0},"end":{"line":25,"column":41}},"25":{"start":{"line":26,"column":0},"end":{"line":26,"column":8}},"26":{"start":{"line":27,"column":0},"end":{"line":27,"column":27}},"27":{"start":{"line":28,"column":0},"end":{"line":28,"column":20}},"28":{"start":{"line":29,"column":0},"end":{"line":29,"column":25}},"29":{"start":{"line":30,"column":0},"end":{"line":30,"column":23}},"30":{"start":{"line":31,"column":0},"end":{"line":31,"column":13}},"31":{"start":{"line":32,"column":0},"end":{"line":32,"column":9}},"32":{"start":{"line":33,"column":0},"end":{"line":33,"column":26}},"33":{"start":{"line":34,"column":0},"end":{"line":34,"column":5}},"34":{"start":{"line":35,"column":0},"end":{"line":35,"column":1}}},"s":{"0":1,"1":1,"2":1,"3":1,"4":1,"5":5,"6":5,"7":5,"8":5,"9":2,"10":2,"11":2,"12":2,"13":2,"14":2,"15":2,"16":2,"17":5,"18":1,"19":1,"20":1,"21":1,"22":1,"23":1,"24":1,"25":1,"26":1,"27":1,"28":1,"29":1,"30":1,"31":1,"32":1,"33":1,"34":5},"branchMap":{"0":{"type":"branch","line":6,"loc":{"start":{"line":6,"column":0},"end":{"line":35,"column":1}},"locations":[{"start":{"line":6,"column":0},"end":{"line":35,"column":1}}]},"1":{"type":"branch","line":6,"loc":{"start":{"line":6,"column":0},"end":{"line":35,"column":1}},"locations":[{"start":{"line":6,"column":0},"end":{"line":35,"column":1}}]},"2":{"type":"branch","line":9,"loc":{"start":{"line":9,"column":4},"end":{"line":17,"column":5}},"locations":[{"start":{"line":9,"column":4},"end":{"line":17,"column":5}}]},"3":{"type":"branch","line":18,"loc":{"start":{"line":18,"column":4},"end":{"line":34,"column":5}},"locations":[{"start":{"line":18,"column":4},"end":{"line":34,"column":5}}]},"4":{"type":"branch","line":18,"loc":{"start":{"line":18,"column":54},"end":{"line":18,"column":62}},"locations":[{"start":{"line":18,"column":54},"end":{"line":18,"column":62}}]},"5":{"type":"branch","line":19,"loc":{"start":{"line":19,"column":47},"end":{"line":19,"column":71}},"locations":[{"start":{"line":19,"column":47},"end":{"line":19,"column":71}}]},"6":{"type":"branch","line":21,"loc":{"start":{"line":21,"column":49},"end":{"line":23,"column":9}},"locations":[{"start":{"line":21,"column":49},"end":{"line":23,"column":9}}]}},"b":{"0":[2],"1":[5],"2":[2],"3":[1],"4":[0],"5":[1],"6":[1]},"fnMap":{"0":{"name":"InMemoryTransfersRepository","decl":{"start":{"line":6,"column":0},"end":{"line":35,"column":1}},"loc":{"start":{"line":6,"column":0},"end":{"line":35,"column":1}},"line":6},"1":{"name":"Object.<anonymous>.InMemoryTransfersRepository.create","decl":{"start":{"line":9,"column":4},"end":{"line":17,"column":5}},"loc":{"start":{"line":9,"column":4},"end":{"line":17,"column":5}},"line":9},"2":{"name":"Object.<anonymous>.InMemoryTransfersRepository.getTransfersBalance","decl":{"start":{"line":18,"column":4},"end":{"line":34,"column":5}},"loc":{"start":{"line":18,"column":4},"end":{"line":34,"column":5}},"line":18}},"f":{"0":5,"1":2,"2":1}}
,"/home/natalia/desafio_nodejs/financial_statement/src/modules/statements/useCases/createStatement/CreateStatementError.ts": {"path":"/home/natalia/desafio_nodejs/financial_statement/src/modules/statements/useCases/createStatement/CreateStatementError.ts","all":false,"statementMap":{"0":{"start":{"line":1,"column":0},"end":{"line":1,"column":62}},"1":{"start":{"line":2,"column":0},"end":{"line":2,"column":0}},"2":{"start":{"line":3,"column":0},"end":{"line":3,"column":39}},"3":{"start":{"line":4,"column":0},"end":{"line":4,"column":46}},"4":{"start":{"line":5,"column":0},"end":{"line":5,"column":19}},"5":{"start":{"line":6,"column":0},"end":{"line":6,"column":35}},"6":{"start":{"line":7,"column":0},"end":{"line":7,"column":5}},"7":{"start":{"line":8,"column":0},"end":{"line":8,"column":3}},"8":{"start":{"line":9,"column":0},"end":{"line":9,"column":0}},"9":{"start":{"line":10,"column":0},"end":{"line":10,"column":51}},"10":{"start":{"line":11,"column":0},"end":{"line":11,"column":19}},"11":{"start":{"line":12,"column":0},"end":{"line":12,"column":39}},"12":{"start":{"line":13,"column":0},"end":{"line":13,"column":5}},"13":{"start":{"line":14,"column":0},"end":{"line":14,"column":3}},"14":{"start":{"line":15,"column":0},"end":{"line":15,"column":1}}},"s":{"0":1,"1":1,"2":1,"3":1,"4":1,"5":1,"6":1,"7":1,"8":1,"9":1,"10":1,"11":1,"12":1,"13":1,"14":1},"branchMap":{"0":{"type":"branch","line":3,"loc":{"start":{"line":3,"column":0},"end":{"line":15,"column":1}},"locations":[{"start":{"line":3,"column":0},"end":{"line":15,"column":1}}]},"1":{"type":"branch","line":4,"loc":{"start":{"line":4,"column":2},"end":{"line":8,"column":3}},"locations":[{"start":{"line":4,"column":2},"end":{"line":8,"column":3}}]},"2":{"type":"branch","line":5,"loc":{"start":{"line":5,"column":4},"end":{"line":7,"column":5}},"locations":[{"start":{"line":5,"column":4},"end":{"line":7,"column":5}}]},"3":{"type":"branch","line":10,"loc":{"start":{"line":10,"column":2},"end":{"line":14,"column":3}},"locations":[{"start":{"line":10,"column":2},"end":{"line":14,"column":3}}]},"4":{"type":"branch","line":11,"loc":{"start":{"line":11,"column":4},"end":{"line":13,"column":5}},"locations":[{"start":{"line":11,"column":4},"end":{"line":13,"column":5}}]}},"b":{"0":[1],"1":[1],"2":[1],"3":[1],"4":[1]},"fnMap":{"0":{"name":"UserNotFound","decl":{"start":{"line":5,"column":4},"end":{"line":7,"column":5}},"loc":{"start":{"line":5,"column":4},"end":{"line":7,"column":5}},"line":5},"1":{"name":"InsufficientFunds","decl":{"start":{"line":11,"column":4},"end":{"line":13,"column":5}},"loc":{"start":{"line":11,"column":4},"end":{"line":13,"column":5}},"line":11}},"f":{"0":1,"1":1}}
,"/home/natalia/desafio_nodejs/financial_statement/src/modules/statements/useCases/createStatement/CreateStatementUseCase.ts": {"path":"/home/natalia/desafio_nodejs/financial_statement/src/modules/statements/useCases/createStatement/CreateStatementUseCase.ts","all":false,"statementMap":{"0":{"start":{"line":1,"column":0},"end":{"line":1,"column":46}},"1":{"start":{"line":2,"column":0},"end":{"line":2,"column":0}},"2":{"start":{"line":3,"column":0},"end":{"line":3,"column":80}},"3":{"start":{"line":4,"column":0},"end":{"line":4,"column":81}},"4":{"start":{"line":5,"column":0},"end":{"line":5,"column":62}},"5":{"start":{"line":6,"column":0},"end":{"line":6,"column":60}},"6":{"start":{"line":7,"column":0},"end":{"line":7,"column":0}},"7":{"start":{"line":8,"column":0},"end":{"line":8,"column":13}},"8":{"start":{"line":9,"column":0},"end":{"line":9,"column":37}},"9":{"start":{"line":10,"column":0},"end":{"line":10,"column":14}},"10":{"start":{"line":11,"column":0},"end":{"line":11,"column":30}},"11":{"start":{"line":12,"column":0},"end":{"line":12,"column":46}},"12":{"start":{"line":13,"column":0},"end":{"line":13,"column":0}},"13":{"start":{"line":14,"column":0},"end":{"line":14,"column":35}},"14":{"start":{"line":15,"column":0},"end":{"line":15,"column":55}},"15":{"start":{"line":16,"column":0},"end":{"line":16,"column":6}},"16":{"start":{"line":17,"column":0},"end":{"line":17,"column":0}},"17":{"start":{"line":18,"column":0},"end":{"line":18,"column":78}},"18":{"start":{"line":19,"column":0},"end":{"line":19,"column":62}},"19":{"start":{"line":20,"column":0},"end":{"line":20,"column":0}},"20":{"start":{"line":21,"column":0},"end":{"line":21,"column":15}},"21":{"start":{"line":22,"column":0},"end":{"line":22,"column":52}},"22":{"start":{"line":23,"column":0},"end":{"line":23,"column":5}},"23":{"start":{"line":24,"column":0},"end":{"line":24,"column":0}},"24":{"start":{"line":25,"column":0},"end":{"line":25,"column":29}},"25":{"start":{"line":26,"column":0},"end":{"line":26,"column":86}},"26":{"start":{"line":27,"column":0},"end":{"line":27,"column":0}},"27":{"start":{"line":28,"column":0},"end":{"line":28,"column":29}},"28":{"start":{"line":29,"column":0},"end":{"line":29,"column":59}},"29":{"start":{"line":30,"column":0},"end":{"line":30,"column":7}},"30":{"start":{"line":31,"column":0},"end":{"line":31,"column":5}},"31":{"start":{"line":32,"column":0},"end":{"line":32,"column":0}},"32":{"start":{"line":33,"column":0},"end":{"line":33,"column":71}},"33":{"start":{"line":34,"column":0},"end":{"line":34,"column":14}},"34":{"start":{"line":35,"column":0},"end":{"line":35,"column":11}},"35":{"start":{"line":36,"column":0},"end":{"line":36,"column":13}},"36":{"start":{"line":37,"column":0},"end":{"line":37,"column":17}},"37":{"start":{"line":38,"column":0},"end":{"line":38,"column":7}},"38":{"start":{"line":39,"column":0},"end":{"line":39,"column":0}},"39":{"start":{"line":40,"column":0},"end":{"line":40,"column":30}},"40":{"start":{"line":41,"column":0},"end":{"line":41,"column":3}},"41":{"start":{"line":42,"column":0},"end":{"line":42,"column":1}}},"s":{"0":1,"1":1,"2":1,"3":1,"4":1,"5":1,"6":1,"7":1,"8":1,"9":1,"10":4,"11":4,"12":4,"13":4,"14":4,"15":4,"16":1,"17":1,"18":6,"19":6,"20":6,"21":1,"22":1,"23":5,"24":5,"25":2,"26":6,"27":6,"28":6,"29":6,"30":6,"31":6,"32":6,"33":4,"34":4,"35":4,"36":4,"37":4,"38":6,"39":6,"40":6,"41":1},"branchMap":{"0":{"type":"branch","line":9,"loc":{"start":{"line":9,"column":0},"end":{"line":42,"column":1}},"locations":[{"start":{"line":9,"column":0},"end":{"line":42,"column":1}}]},"1":{"type":"branch","line":10,"loc":{"start":{"line":10,"column":2},"end":{"line":16,"column":6}},"locations":[{"start":{"line":10,"column":2},"end":{"line":16,"column":6}}]},"2":{"type":"branch","line":18,"loc":{"start":{"line":18,"column":2},"end":{"line":41,"column":3}},"locations":[{"start":{"line":18,"column":2},"end":{"line":41,"column":3}}]},"3":{"type":"branch","line":19,"loc":{"start":{"line":19,"column":17},"end":{"line":19,"column":62}},"locations":[{"start":{"line":19,"column":17},"end":{"line":19,"column":62}}]},"4":{"type":"branch","line":21,"loc":{"start":{"line":21,"column":14},"end":{"line":23,"column":5}},"locations":[{"start":{"line":21,"column":14},"end":{"line":23,"column":5}}]},"5":{"type":"branch","line":24,"loc":{"start":{"line":24,"column":-1},"end":{"line":25,"column":29}},"locations":[{"start":{"line":24,"column":-1},"end":{"line":25,"column":29}}]},"6":{"type":"branch","line":25,"loc":{"start":{"line":25,"column":7},"end":{"line":25,"column":11}},"locations":[{"start":{"line":25,"column":7},"end":{"line":25,"column":11}}]},"7":{"type":"branch","line":25,"loc":{"start":{"line":25,"column":26},"end":{"line":26,"column":86}},"locations":[{"start":{"line":25,"column":26},"end":{"line":26,"column":86}}]},"8":{"type":"branch","line":33,"loc":{"start":{"line":33,"column":31},"end":{"line":38,"column":7}},"locations":[{"start":{"line":33,"column":31},"end":{"line":38,"column":7}}]}},"b":{"0":[1],"1":[4],"2":[6],"3":[6],"4":[1],"5":[5],"6":[3],"7":[2],"8":[4]},"fnMap":{"0":{"name":"CreateStatementUseCase","decl":{"start":{"line":10,"column":2},"end":{"line":16,"column":6}},"loc":{"start":{"line":10,"column":2},"end":{"line":16,"column":6}},"line":10},"1":{"name":"Object.<anonymous>.CreateStatementUseCase.execute","decl":{"start":{"line":18,"column":2},"end":{"line":41,"column":3}},"loc":{"start":{"line":18,"column":2},"end":{"line":41,"column":3}},"line":18}},"f":{"0":4,"1":6}}
,"/home/natalia/desafio_nodejs/financial_statement/src/modules/statements/useCases/createTransfer/CreateTransferError.ts": {"path":"/home/natalia/desafio_nodejs/financial_statement/src/modules/statements/useCases/createTransfer/CreateTransferError.ts","all":false,"statementMap":{"0":{"start":{"line":1,"column":0},"end":{"line":1,"column":62}},"1":{"start":{"line":2,"column":0},"end":{"line":2,"column":0}},"2":{"start":{"line":3,"column":0},"end":{"line":3,"column":38}},"3":{"start":{"line":4,"column":0},"end":{"line":4,"column":46}},"4":{"start":{"line":5,"column":0},"end":{"line":5,"column":19}},"5":{"start":{"line":6,"column":0},"end":{"line":6,"column":35}},"6":{"start":{"line":7,"column":0},"end":{"line":7,"column":5}},"7":{"start":{"line":8,"column":0},"end":{"line":8,"column":3}},"8":{"start":{"line":9,"column":0},"end":{"line":9,"column":0}},"9":{"start":{"line":10,"column":0},"end":{"line":10,"column":51}},"10":{"start":{"line":11,"column":0},"end":{"line":11,"column":19}},"11":{"start":{"line":12,"column":0},"end":{"line":12,"column":39}},"12":{"start":{"line":13,"column":0},"end":{"line":13,"column":5}},"13":{"start":{"line":14,"column":0},"end":{"line":14,"column":3}},"14":{"start":{"line":15,"column":0},"end":{"line":15,"column":1}}},"s":{"0":1,"1":1,"2":1,"3":1,"4":1,"5":2,"6":2,"7":1,"8":1,"9":1,"10":1,"11":2,"12":2,"13":1,"14":1},"branchMap":{"0":{"type":"branch","line":3,"loc":{"start":{"line":3,"column":0},"end":{"line":15,"column":1}},"locations":[{"start":{"line":3,"column":0},"end":{"line":15,"column":1}}]},"1":{"type":"branch","line":4,"loc":{"start":{"line":4,"column":2},"end":{"line":8,"column":3}},"locations":[{"start":{"line":4,"column":2},"end":{"line":8,"column":3}}]},"2":{"type":"branch","line":5,"loc":{"start":{"line":5,"column":4},"end":{"line":7,"column":5}},"locations":[{"start":{"line":5,"column":4},"end":{"line":7,"column":5}}]},"3":{"type":"branch","line":10,"loc":{"start":{"line":10,"column":2},"end":{"line":14,"column":3}},"locations":[{"start":{"line":10,"column":2},"end":{"line":14,"column":3}}]},"4":{"type":"branch","line":11,"loc":{"start":{"line":11,"column":4},"end":{"line":13,"column":5}},"locations":[{"start":{"line":11,"column":4},"end":{"line":13,"column":5}}]}},"b":{"0":[1],"1":[1],"2":[2],"3":[1],"4":[2]},"fnMap":{"0":{"name":"UserNotFound","decl":{"start":{"line":5,"column":4},"end":{"line":7,"column":5}},"loc":{"start":{"line":5,"column":4},"end":{"line":7,"column":5}},"line":5},"1":{"name":"InsufficientFunds","decl":{"start":{"line":11,"column":4},"end":{"line":13,"column":5}},"loc":{"start":{"line":11,"column":4},"end":{"line":13,"column":5}},"line":11}},"f":{"0":2,"1":2}}
,"/home/natalia/desafio_nodejs/financial_statement/src/modules/statements/useCases/createTransfer/CreateTransferUseCase.ts": {"path":"/home/natalia/desafio_nodejs/financial_statement/src/modules/statements/useCases/createTransfer/CreateTransferUseCase.ts","all":false,"statementMap":{"0":{"start":{"line":1,"column":0},"end":{"line":1,"column":46}},"1":{"start":{"line":2,"column":0},"end":{"line":2,"column":80}},"2":{"start":{"line":3,"column":0},"end":{"line":3,"column":81}},"3":{"start":{"line":4,"column":0},"end":{"line":4,"column":79}},"4":{"start":{"line":5,"column":0},"end":{"line":5,"column":60}},"5":{"start":{"line":6,"column":0},"end":{"line":6,"column":58}},"6":{"start":{"line":7,"column":0},"end":{"line":7,"column":0}},"7":{"start":{"line":8,"column":0},"end":{"line":8,"column":13}},"8":{"start":{"line":9,"column":0},"end":{"line":9,"column":29}},"9":{"start":{"line":10,"column":0},"end":{"line":10,"column":16}},"10":{"start":{"line":11,"column":0},"end":{"line":11,"column":34}},"11":{"start":{"line":12,"column":0},"end":{"line":12,"column":50}},"12":{"start":{"line":13,"column":0},"end":{"line":13,"column":39}},"13":{"start":{"line":14,"column":0},"end":{"line":14,"column":60}},"14":{"start":{"line":15,"column":0},"end":{"line":15,"column":38}},"15":{"start":{"line":16,"column":0},"end":{"line":16,"column":57}},"16":{"start":{"line":17,"column":0},"end":{"line":17,"column":8}},"17":{"start":{"line":18,"column":0},"end":{"line":18,"column":86}},"18":{"start":{"line":19,"column":0},"end":{"line":19,"column":0}},"19":{"start":{"line":20,"column":0},"end":{"line":20,"column":90}},"20":{"start":{"line":21,"column":0},"end":{"line":21,"column":0}},"21":{"start":{"line":22,"column":0},"end":{"line":22,"column":27}},"22":{"start":{"line":23,"column":0},"end":{"line":23,"column":57}},"23":{"start":{"line":24,"column":0},"end":{"line":24,"column":9}},"24":{"start":{"line":25,"column":0},"end":{"line":25,"column":99}},"25":{"start":{"line":26,"column":0},"end":{"line":26,"column":0}},"26":{"start":{"line":27,"column":0},"end":{"line":27,"column":30}},"27":{"start":{"line":28,"column":0},"end":{"line":28,"column":62}},"28":{"start":{"line":29,"column":0},"end":{"line":29,"column":9}},"29":{"start":{"line":30,"column":0},"end":{"line":30,"column":0}},"30":{"start":{"line":31,"column":0},"end":{"line":31,"column":73}},"31":{"start":{"line":32,"column":0},"end":{"line":32,"column":22}},"32":{"start":{"line":33,"column":0},"end":{"line":33,"column":19}},"33":{"start":{"line":34,"column":0},"end":{"line":34,"column":24}},"34":{"start":{"line":35,"column":0},"end":{"line":35,"column":11}},"35":{"start":{"line":36,"column":0},"end":{"line":36,"column":33}},"36":{"start":{"line":37,"column":0},"end":{"line":37,"column":5}},"37":{"start":{"line":38,"column":0},"end":{"line":38,"column":1}},"38":{"start":{"line":39,"column":0},"end":{"line":39,"column":32}}},"s":{"0":1,"1":1,"2":1,"3":1,"4":1,"5":1,"6":1,"7":1,"8":1,"9":1,"10":3,"11":3,"12":3,"13":3,"14":3,"15":3,"16":3,"17":1,"18":3,"19":3,"20":3,"21":3,"22":1,"23":1,"24":2,"25":3,"26":3,"27":1,"28":1,"29":1,"30":1,"31":1,"32":1,"33":1,"34":1,"35":3,"36":3,"37":1,"38":1},"branchMap":{"0":{"type":"branch","line":9,"loc":{"start":{"line":9,"column":0},"end":{"line":38,"column":1}},"locations":[{"start":{"line":9,"column":0},"end":{"line":38,"column":1}}]},"1":{"type":"branch","line":10,"loc":{"start":{"line":10,"column":4},"end":{"line":17,"column":8}},"locations":[{"start":{"line":10,"column":4},"end":{"line":17,"column":8}}]},"2":{"type":"branch","line":18,"loc":{"start":{"line":18,"column":4},"end":{"line":37,"column":5}},"locations":[{"start":{"line":18,"column":4},"end":{"line":37,"column":5}}]},"3":{"type":"branch","line":20,"loc":{"start":{"line":20,"column":30},"end":{"line":20,"column":90}},"locations":[{"start":{"line":20,"column":30},"end":{"line":20,"column":90}}]},"4":{"type":"branch","line":22,"loc":{"start":{"line":22,"column":26},"end":{"line":24,"column":9}},"locations":[{"start":{"line":22,"column":26},"end":{"line":24,"column":9}}]},"5":{"type":"branch","line":25,"loc":{"start":{"line":25,"column":-1},"end":{"line":25,"column":99}},"locations":[{"start":{"line":25,"column":-1},"end":{"line":25,"column":99}}]},"6":{"type":"branch","line":27,"loc":{"start":{"line":27,"column":29},"end":{"line":35,"column":11}},"locations":[{"start":{"line":27,"column":29},"end":{"line":35,"column":11}}]}},"b":{"0":[1],"1":[3],"2":[3],"3":[3],"4":[1],"5":[2],"6":[1]},"fnMap":{"0":{"name":"CreateTransferUseCase","decl":{"start":{"line":10,"column":4},"end":{"line":17,"column":8}},"loc":{"start":{"line":10,"column":4},"end":{"line":17,"column":8}},"line":10},"1":{"name":"Object.<anonymous>.CreateTransferUseCase.execute","decl":{"start":{"line":18,"column":4},"end":{"line":37,"column":5}},"loc":{"start":{"line":18,"column":4},"end":{"line":37,"column":5}},"line":18}},"f":{"0":3,"1":3}}
,"/home/natalia/desafio_nodejs/financial_statement/src/modules/statements/useCases/getBalance/GetBalanceError.ts": {"path":"/home/natalia/desafio_nodejs/financial_statement/src/modules/statements/useCases/getBalance/GetBalanceError.ts","all":false,"statementMap":{"0":{"start":{"line":1,"column":0},"end":{"line":1,"column":62}},"1":{"start":{"line":2,"column":0},"end":{"line":2,"column":0}},"2":{"start":{"line":3,"column":0},"end":{"line":3,"column":47}},"3":{"start":{"line":4,"column":0},"end":{"line":4,"column":17}},"4":{"start":{"line":5,"column":0},"end":{"line":5,"column":33}},"5":{"start":{"line":6,"column":0},"end":{"line":6,"column":3}},"6":{"start":{"line":7,"column":0},"end":{"line":7,"column":1}}},"s":{"0":1,"1":1,"2":1,"3":1,"4":1,"5":1,"6":1},"branchMap":{"0":{"type":"branch","line":3,"loc":{"start":{"line":3,"column":0},"end":{"line":7,"column":1}},"locations":[{"start":{"line":3,"column":0},"end":{"line":7,"column":1}}]},"1":{"type":"branch","line":4,"loc":{"start":{"line":4,"column":2},"end":{"line":6,"column":3}},"locations":[{"start":{"line":4,"column":2},"end":{"line":6,"column":3}}]}},"b":{"0":[1],"1":[1]},"fnMap":{"0":{"name":"GetBalanceError","decl":{"start":{"line":4,"column":2},"end":{"line":6,"column":3}},"loc":{"start":{"line":4,"column":2},"end":{"line":6,"column":3}},"line":4}},"f":{"0":1}}
,"/home/natalia/desafio_nodejs/financial_statement/src/modules/statements/useCases/getBalance/GetBalanceUseCase.ts": {"path":"/home/natalia/desafio_nodejs/financial_statement/src/modules/statements/useCases/getBalance/GetBalanceUseCase.ts","all":false,"statementMap":{"0":{"start":{"line":1,"column":0},"end":{"line":1,"column":46}},"1":{"start":{"line":2,"column":0},"end":{"line":2,"column":0}},"2":{"start":{"line":3,"column":0},"end":{"line":3,"column":80}},"3":{"start":{"line":4,"column":0},"end":{"line":4,"column":53}},"4":{"start":{"line":5,"column":0},"end":{"line":5,"column":51}},"5":{"start":{"line":6,"column":0},"end":{"line":6,"column":81}},"6":{"start":{"line":7,"column":0},"end":{"line":7,"column":79}},"7":{"start":{"line":8,"column":0},"end":{"line":8,"column":52}},"8":{"start":{"line":9,"column":0},"end":{"line":9,"column":0}},"9":{"start":{"line":10,"column":0},"end":{"line":10,"column":20}},"10":{"start":{"line":11,"column":0},"end":{"line":11,"column":18}},"11":{"start":{"line":12,"column":0},"end":{"line":12,"column":1}},"12":{"start":{"line":13,"column":0},"end":{"line":13,"column":0}},"13":{"start":{"line":14,"column":0},"end":{"line":14,"column":21}},"14":{"start":{"line":15,"column":0},"end":{"line":15,"column":24}},"15":{"start":{"line":16,"column":0},"end":{"line":16,"column":22}},"16":{"start":{"line":17,"column":0},"end":{"line":17,"column":18}},"17":{"start":{"line":18,"column":0},"end":{"line":18,"column":1}},"18":{"start":{"line":19,"column":0},"end":{"line":19,"column":0}},"19":{"start":{"line":20,"column":0},"end":{"line":20,"column":13}},"20":{"start":{"line":21,"column":0},"end":{"line":21,"column":32}},"21":{"start":{"line":22,"column":0},"end":{"line":22,"column":14}},"22":{"start":{"line":23,"column":0},"end":{"line":23,"column":35}},"23":{"start":{"line":24,"column":0},"end":{"line":24,"column":56}},"24":{"start":{"line":25,"column":0},"end":{"line":25,"column":4}},"25":{"start":{"line":26,"column":0},"end":{"line":26,"column":30}},"26":{"start":{"line":27,"column":0},"end":{"line":27,"column":46}},"27":{"start":{"line":28,"column":0},"end":{"line":28,"column":0}},"28":{"start":{"line":29,"column":0},"end":{"line":29,"column":34}},"29":{"start":{"line":30,"column":0},"end":{"line":30,"column":54}},"30":{"start":{"line":31,"column":0},"end":{"line":31,"column":6}},"31":{"start":{"line":32,"column":0},"end":{"line":32,"column":0}},"32":{"start":{"line":33,"column":0},"end":{"line":33,"column":60}},"33":{"start":{"line":34,"column":0},"end":{"line":34,"column":62}},"34":{"start":{"line":35,"column":0},"end":{"line":35,"column":4}},"35":{"start":{"line":36,"column":0},"end":{"line":36,"column":0}},"36":{"start":{"line":37,"column":0},"end":{"line":37,"column":15}},"37":{"start":{"line":38,"column":0},"end":{"line":38,"column":34}},"38":{"start":{"line":39,"column":0},"end":{"line":39,"column":5}},"39":{"start":{"line":40,"column":0},"end":{"line":40,"column":0}},"40":{"start":{"line":41,"column":0},"end":{"line":41,"column":70}},"41":{"start":{"line":42,"column":0},"end":{"line":42,"column":14}},"42":{"start":{"line":43,"column":0},"end":{"line":43,"column":26}},"43":{"start":{"line":44,"column":0},"end":{"line":44,"column":7}},"44":{"start":{"line":45,"column":0},"end":{"line":45,"column":0}},"45":{"start":{"line":46,"column":0},"end":{"line":46,"column":73}},"46":{"start":{"line":47,"column":0},"end":{"line":47,"column":14}},"47":{"start":{"line":48,"column":0},"end":{"line":48,"column":26}},"48":{"start":{"line":49,"column":0},"end":{"line":49,"column":7}},"49":{"start":{"line":50,"column":0},"end":{"line":50,"column":0}},"50":{"start":{"line":51,"column":0},"end":{"line":51,"column":55}},"51":{"start":{"line":52,"column":0},"end":{"line":52,"column":4}},"52":{"start":{"line":53,"column":0},"end":{"line":53,"column":53}},"53":{"start":{"line":54,"column":0},"end":{"line":54,"column":0}},"54":{"start":{"line":55,"column":0},"end":{"line":55,"column":43}},"55":{"start":{"line":56,"column":0},"end":{"line":56,"column":3}},"56":{"start":{"line":57,"column":0},"end":{"line":57,"column":1}}},"s":{"0":1,"1":1,"2":1,"3":1,"4":1,"5":1,"6":1,"7":1,"8":1,"9":1,"10":1,"11":1,"12":1,"13":1,"14":1,"15":1,"16":1,"17":1,"18":1,"19":1,"20":1,"21":1,"22":2,"23":2,"24":2,"25":2,"26":2,"27":2,"28":2,"29":2,"30":2,"31":1,"32":1,"33":2,"34":2,"35":2,"36":2,"37":1,"38":1,"39":1,"40":1,"41":1,"42":1,"43":1,"44":2,"45":2,"46":2,"47":2,"48":2,"49":2,"50":2,"51":2,"52":2,"53":2,"54":2,"55":2,"56":1},"branchMap":{"0":{"type":"branch","line":21,"loc":{"start":{"line":21,"column":0},"end":{"line":57,"column":1}},"locations":[{"start":{"line":21,"column":0},"end":{"line":57,"column":1}}]},"1":{"type":"branch","line":22,"loc":{"start":{"line":22,"column":2},"end":{"line":31,"column":6}},"locations":[{"start":{"line":22,"column":2},"end":{"line":31,"column":6}}]},"2":{"type":"branch","line":33,"loc":{"start":{"line":33,"column":2},"end":{"line":56,"column":3}},"locations":[{"start":{"line":33,"column":2},"end":{"line":56,"column":3}}]},"3":{"type":"branch","line":34,"loc":{"start":{"line":34,"column":17},"end":{"line":34,"column":62}},"locations":[{"start":{"line":34,"column":17},"end":{"line":34,"column":62}}]},"4":{"type":"branch","line":37,"loc":{"start":{"line":37,"column":14},"end":{"line":44,"column":7}},"locations":[{"start":{"line":37,"column":14},"end":{"line":44,"column":7}}]}},"b":{"0":[1],"1":[2],"2":[2],"3":[2],"4":[1]},"fnMap":{"0":{"name":"GetBalanceUseCase","decl":{"start":{"line":22,"column":2},"end":{"line":31,"column":6}},"loc":{"start":{"line":22,"column":2},"end":{"line":31,"column":6}},"line":22},"1":{"name":"Object.<anonymous>.GetBalanceUseCase.execute","decl":{"start":{"line":33,"column":2},"end":{"line":56,"column":3}},"loc":{"start":{"line":33,"column":2},"end":{"line":56,"column":3}},"line":33}},"f":{"0":2,"1":2}}
,"/home/natalia/desafio_nodejs/financial_statement/src/modules/statements/useCases/getStatementOperation/GetStatementOperationError.ts": {"path":"/home/natalia/desafio_nodejs/financial_statement/src/modules/statements/useCases/getStatementOperation/GetStatementOperationError.ts","all":false,"statementMap":{"0":{"start":{"line":1,"column":0},"end":{"line":1,"column":62}},"1":{"start":{"line":2,"column":0},"end":{"line":2,"column":0}},"2":{"start":{"line":3,"column":0},"end":{"line":3,"column":45}},"3":{"start":{"line":4,"column":0},"end":{"line":4,"column":46}},"4":{"start":{"line":5,"column":0},"end":{"line":5,"column":19}},"5":{"start":{"line":6,"column":0},"end":{"line":6,"column":35}},"6":{"start":{"line":7,"column":0},"end":{"line":7,"column":5}},"7":{"start":{"line":8,"column":0},"end":{"line":8,"column":3}},"8":{"start":{"line":9,"column":0},"end":{"line":9,"column":0}},"9":{"start":{"line":10,"column":0},"end":{"line":10,"column":51}},"10":{"start":{"line":11,"column":0},"end":{"line":11,"column":19}},"11":{"start":{"line":12,"column":0},"end":{"line":12,"column":40}},"12":{"start":{"line":13,"column":0},"end":{"line":13,"column":5}},"13":{"start":{"line":14,"column":0},"end":{"line":14,"column":3}},"14":{"start":{"line":15,"column":0},"end":{"line":15,"column":1}}},"s":{"0":1,"1":1,"2":1,"3":1,"4":1,"5":1,"6":1,"7":1,"8":1,"9":1,"10":1,"11":0,"12":0,"13":1,"14":1},"branchMap":{"0":{"type":"branch","line":3,"loc":{"start":{"line":3,"column":0},"end":{"line":15,"column":1}},"locations":[{"start":{"line":3,"column":0},"end":{"line":15,"column":1}}]},"1":{"type":"branch","line":4,"loc":{"start":{"line":4,"column":2},"end":{"line":8,"column":3}},"locations":[{"start":{"line":4,"column":2},"end":{"line":8,"column":3}}]},"2":{"type":"branch","line":5,"loc":{"start":{"line":5,"column":4},"end":{"line":7,"column":5}},"locations":[{"start":{"line":5,"column":4},"end":{"line":7,"column":5}}]},"3":{"type":"branch","line":10,"loc":{"start":{"line":10,"column":2},"end":{"line":14,"column":3}},"locations":[{"start":{"line":10,"column":2},"end":{"line":14,"column":3}}]}},"b":{"0":[1],"1":[1],"2":[1],"3":[1]},"fnMap":{"0":{"name":"UserNotFound","decl":{"start":{"line":5,"column":4},"end":{"line":7,"column":5}},"loc":{"start":{"line":5,"column":4},"end":{"line":7,"column":5}},"line":5},"1":{"name":"StatementNotFound","decl":{"start":{"line":11,"column":4},"end":{"line":13,"column":5}},"loc":{"start":{"line":11,"column":4},"end":{"line":13,"column":5}},"line":11}},"f":{"0":1,"1":0}}
,"/home/natalia/desafio_nodejs/financial_statement/src/modules/statements/useCases/getStatementOperation/GetStatementOperationUseCase.ts": {"path":"/home/natalia/desafio_nodejs/financial_statement/src/modules/statements/useCases/getStatementOperation/GetStatementOperationUseCase.ts","all":false,"statementMap":{"0":{"start":{"line":1,"column":0},"end":{"line":1,"column":46}},"1":{"start":{"line":2,"column":0},"end":{"line":2,"column":0}},"2":{"start":{"line":3,"column":0},"end":{"line":3,"column":80}},"3":{"start":{"line":4,"column":0},"end":{"line":4,"column":81}},"4":{"start":{"line":5,"column":0},"end":{"line":5,"column":74}},"5":{"start":{"line":6,"column":0},"end":{"line":6,"column":0}},"6":{"start":{"line":7,"column":0},"end":{"line":7,"column":20}},"7":{"start":{"line":8,"column":0},"end":{"line":8,"column":18}},"8":{"start":{"line":9,"column":0},"end":{"line":9,"column":23}},"9":{"start":{"line":10,"column":0},"end":{"line":10,"column":1}},"10":{"start":{"line":11,"column":0},"end":{"line":11,"column":0}},"11":{"start":{"line":12,"column":0},"end":{"line":12,"column":13}},"12":{"start":{"line":13,"column":0},"end":{"line":13,"column":43}},"13":{"start":{"line":14,"column":0},"end":{"line":14,"column":14}},"14":{"start":{"line":15,"column":0},"end":{"line":15,"column":30}},"15":{"start":{"line":16,"column":0},"end":{"line":16,"column":46}},"16":{"start":{"line":17,"column":0},"end":{"line":17,"column":0}},"17":{"start":{"line":18,"column":0},"end":{"line":18,"column":35}},"18":{"start":{"line":19,"column":0},"end":{"line":19,"column":55}},"19":{"start":{"line":20,"column":0},"end":{"line":20,"column":6}},"20":{"start":{"line":21,"column":0},"end":{"line":21,"column":0}},"21":{"start":{"line":22,"column":0},"end":{"line":22,"column":54}},"22":{"start":{"line":23,"column":0},"end":{"line":23,"column":62}},"23":{"start":{"line":24,"column":0},"end":{"line":24,"column":0}},"24":{"start":{"line":25,"column":0},"end":{"line":25,"column":15}},"25":{"start":{"line":26,"column":0},"end":{"line":26,"column":58}},"26":{"start":{"line":27,"column":0},"end":{"line":27,"column":5}},"27":{"start":{"line":28,"column":0},"end":{"line":28,"column":0}},"28":{"start":{"line":29,"column":0},"end":{"line":29,"column":62}},"29":{"start":{"line":30,"column":0},"end":{"line":30,"column":57}},"30":{"start":{"line":31,"column":0},"end":{"line":31,"column":0}},"31":{"start":{"line":32,"column":0},"end":{"line":32,"column":31}},"32":{"start":{"line":33,"column":0},"end":{"line":33,"column":65}},"33":{"start":{"line":34,"column":0},"end":{"line":34,"column":7}},"34":{"start":{"line":35,"column":0},"end":{"line":35,"column":0}},"35":{"start":{"line":36,"column":0},"end":{"line":36,"column":32}},"36":{"start":{"line":37,"column":0},"end":{"line":37,"column":3}},"37":{"start":{"line":38,"column":0},"end":{"line":38,"column":1}}},"s":{"0":1,"1":1,"2":1,"3":1,"4":1,"5":1,"6":1,"7":1,"8":1,"9":1,"10":1,"11":1,"12":1,"13":1,"14":3,"15":3,"16":3,"17":3,"18":3,"19":3,"20":1,"21":1,"22":2,"23":2,"24":2,"25":1,"26":1,"27":1,"28":1,"29":1,"30":2,"31":2,"32":0,"33":0,"34":2,"35":2,"36":2,"37":1},"branchMap":{"0":{"type":"branch","line":13,"loc":{"start":{"line":13,"column":0},"end":{"line":38,"column":1}},"locations":[{"start":{"line":13,"column":0},"end":{"line":38,"column":1}}]},"1":{"type":"branch","line":14,"loc":{"start":{"line":14,"column":2},"end":{"line":20,"column":6}},"locations":[{"start":{"line":14,"column":2},"end":{"line":20,"column":6}}]},"2":{"type":"branch","line":22,"loc":{"start":{"line":22,"column":2},"end":{"line":37,"column":3}},"locations":[{"start":{"line":22,"column":2},"end":{"line":37,"column":3}}]},"3":{"type":"branch","line":23,"loc":{"start":{"line":23,"column":17},"end":{"line":23,"column":62}},"locations":[{"start":{"line":23,"column":17},"end":{"line":23,"column":62}}]},"4":{"type":"branch","line":25,"loc":{"start":{"line":25,"column":14},"end":{"line":30,"column":57}},"locations":[{"start":{"line":25,"column":14},"end":{"line":30,"column":57}}]},"5":{"type":"branch","line":32,"loc":{"start":{"line":32,"column":30},"end":{"line":34,"column":7}},"locations":[{"start":{"line":32,"column":30},"end":{"line":34,"column":7}}]}},"b":{"0":[1],"1":[3],"2":[2],"3":[2],"4":[1],"5":[0]},"fnMap":{"0":{"name":"GetStatementOperationUseCase","decl":{"start":{"line":14,"column":2},"end":{"line":20,"column":6}},"loc":{"start":{"line":14,"column":2},"end":{"line":20,"column":6}},"line":14},"1":{"name":"Object.<anonymous>.GetStatementOperationUseCase.execute","decl":{"start":{"line":22,"column":2},"end":{"line":37,"column":3}},"loc":{"start":{"line":22,"column":2},"end":{"line":37,"column":3}},"line":22}},"f":{"0":3,"1":2}}
,"/home/natalia/desafio_nodejs/financial_statement/src/modules/users/entities/User.ts": {"path":"/home/natalia/desafio_nodejs/financial_statement/src/modules/users/entities/User.ts","all":false,"statementMap":{"0":{"start":{"line":1,"column":0},"end":{"line":1,"column":8}},"1":{"start":{"line":2,"column":0},"end":{"line":2,"column":9}},"2":{"start":{"line":3,"column":0},"end":{"line":3,"column":19}},"3":{"start":{"line":4,"column":0},"end":{"line":4,"column":9}},"4":{"start":{"line":5,"column":0},"end":{"line":5,"column":12}},"5":{"start":{"line":6,"column":0},"end":{"line":6,"column":24}},"6":{"start":{"line":7,"column":0},"end":{"line":7,"column":17}},"7":{"start":{"line":8,"column":0},"end":{"line":8,"column":34}},"8":{"start":{"line":9,"column":0},"end":{"line":9,"column":0}},"9":{"start":{"line":10,"column":0},"end":{"line":10,"column":64}},"10":{"start":{"line":11,"column":0},"end":{"line":11,"column":62}},"11":{"start":{"line":12,"column":0},"end":{"line":12,"column":0}},"12":{"start":{"line":13,"column":0},"end":{"line":13,"column":16}},"13":{"start":{"line":14,"column":0},"end":{"line":14,"column":19}},"14":{"start":{"line":15,"column":0},"end":{"line":15,"column":33}},"15":{"start":{"line":16,"column":0},"end":{"line":16,"column":14}},"16":{"start":{"line":17,"column":0},"end":{"line":17,"column":0}},"17":{"start":{"line":18,"column":0},"end":{"line":18,"column":11}},"18":{"start":{"line":19,"column":0},"end":{"line":19,"column":15}},"19":{"start":{"line":20,"column":0},"end":{"line":20,"column":0}},"20":{"start":{"line":21,"column":0},"end":{"line":21,"column":11}},"21":{"start":{"line":22,"column":0},"end":{"line":22,"column":16}},"22":{"start":{"line":23,"column":0},"end":{"line":23,"column":0}},"23":{"start":{"line":24,"column":0},"end":{"line":24,"column":11}},"24":{"start":{"line":25,"column":0},"end":{"line":25,"column":19}},"25":{"start":{"line":26,"column":0},"end":{"line":26,"column":0}},"26":{"start":{"line":27,"column":0},"end":{"line":27,"column":58}},"27":{"start":{"line":28,"column":0},"end":{"line":28,"column":25}},"28":{"start":{"line":29,"column":0},"end":{"line":29,"column":0}},"29":{"start":{"line":30,"column":0},"end":{"line":30,"column":55}},"30":{"start":{"line":31,"column":0},"end":{"line":31,"column":23}},"31":{"start":{"line":32,"column":0},"end":{"line":32,"column":0}},"32":{"start":{"line":33,"column":0},"end":{"line":33,"column":21}},"33":{"start":{"line":34,"column":0},"end":{"line":34,"column":19}},"34":{"start":{"line":35,"column":0},"end":{"line":35,"column":0}},"35":{"start":{"line":36,"column":0},"end":{"line":36,"column":21}},"36":{"start":{"line":37,"column":0},"end":{"line":37,"column":19}},"37":{"start":{"line":38,"column":0},"end":{"line":38,"column":0}},"38":{"start":{"line":39,"column":0},"end":{"line":39,"column":17}},"39":{"start":{"line":40,"column":0},"end":{"line":40,"column":18}},"40":{"start":{"line":41,"column":0},"end":{"line":41,"column":23}},"41":{"start":{"line":42,"column":0},"end":{"line":42,"column":5}},"42":{"start":{"line":43,"column":0},"end":{"line":43,"column":3}},"43":{"start":{"line":44,"column":0},"end":{"line":44,"column":1}}},"s":{"0":1,"1":1,"2":1,"3":1,"4":1,"5":1,"6":1,"7":1,"8":1,"9":1,"10":1,"11":1,"12":1,"13":7,"14":7,"15":7,"16":7,"17":7,"18":7,"19":7,"20":7,"21":7,"22":7,"23":7,"24":7,"25":7,"26":7,"27":7,"28":7,"29":7,"30":7,"31":7,"32":7,"33":7,"34":7,"35":7,"36":7,"37":7,"38":7,"39":14,"40":14,"41":14,"42":14,"43":7},"branchMap":{"0":{"type":"branch","line":14,"loc":{"start":{"line":14,"column":0},"end":{"line":44,"column":1}},"locations":[{"start":{"line":14,"column":0},"end":{"line":44,"column":1}}]},"1":{"type":"branch","line":39,"loc":{"start":{"line":39,"column":2},"end":{"line":43,"column":3}},"locations":[{"start":{"line":39,"column":2},"end":{"line":43,"column":3}}]}},"b":{"0":[7],"1":[14]},"fnMap":{"0":{"name":"User","decl":{"start":{"line":39,"column":2},"end":{"line":43,"column":3}},"loc":{"start":{"line":39,"column":2},"end":{"line":43,"column":3}},"line":39}},"f":{"0":14}}
,"/home/natalia/desafio_nodejs/financial_statement/src/modules/users/repositories/in-memory/InMemoryUsersRepository.ts": {"path":"/home/natalia/desafio_nodejs/financial_statement/src/modules/users/repositories/in-memory/InMemoryUsersRepository.ts","all":false,"statementMap":{"0":{"start":{"line":1,"column":0},"end":{"line":1,"column":43}},"1":{"start":{"line":2,"column":0},"end":{"line":2,"column":0}},"2":{"start":{"line":3,"column":0},"end":{"line":3,"column":74}},"3":{"start":{"line":4,"column":0},"end":{"line":4,"column":55}},"4":{"start":{"line":5,"column":0},"end":{"line":5,"column":0}},"5":{"start":{"line":6,"column":0},"end":{"line":6,"column":66}},"6":{"start":{"line":7,"column":0},"end":{"line":7,"column":29}},"7":{"start":{"line":8,"column":0},"end":{"line":8,"column":0}},"8":{"start":{"line":9,"column":0},"end":{"line":9,"column":63}},"9":{"start":{"line":10,"column":0},"end":{"line":10,"column":57}},"10":{"start":{"line":11,"column":0},"end":{"line":11,"column":3}},"11":{"start":{"line":12,"column":0},"end":{"line":12,"column":0}},"12":{"start":{"line":13,"column":0},"end":{"line":13,"column":62}},"13":{"start":{"line":14,"column":0},"end":{"line":14,"column":56}},"14":{"start":{"line":15,"column":0},"end":{"line":15,"column":3}},"15":{"start":{"line":16,"column":0},"end":{"line":16,"column":0}},"16":{"start":{"line":17,"column":0},"end":{"line":17,"column":53}},"17":{"start":{"line":18,"column":0},"end":{"line":18,"column":28}},"18":{"start":{"line":19,"column":0},"end":{"line":19,"column":30}},"19":{"start":{"line":20,"column":0},"end":{"line":20,"column":26}},"20":{"start":{"line":21,"column":0},"end":{"line":21,"column":16}},"21":{"start":{"line":22,"column":0},"end":{"line":22,"column":3}},"22":{"start":{"line":23,"column":0},"end":{"line":23,"column":1}}},"s":{"0":1,"1":1,"2":1,"3":1,"4":1,"5":19,"6":19,"7":19,"8":19,"9":7,"10":7,"11":19,"12":19,"13":15,"14":15,"15":19,"16":19,"17":14,"18":14,"19":14,"20":14,"21":14,"22":19},"branchMap":{"0":{"type":"branch","line":6,"loc":{"start":{"line":6,"column":0},"end":{"line":23,"column":1}},"locations":[{"start":{"line":6,"column":0},"end":{"line":23,"column":1}}]},"1":{"type":"branch","line":6,"loc":{"start":{"line":6,"column":0},"end":{"line":23,"column":1}},"locations":[{"start":{"line":6,"column":0},"end":{"line":23,"column":1}}]},"2":{"type":"branch","line":9,"loc":{"start":{"line":9,"column":2},"end":{"line":11,"column":3}},"locations":[{"start":{"line":9,"column":2},"end":{"line":11,"column":3}}]},"3":{"type":"branch","line":10,"loc":{"start":{"line":10,"column":27},"end":{"line":10,"column":39}},"locations":[{"start":{"line":10,"column":27},"end":{"line":10,"column":39}}]},"4":{"type":"branch","line":13,"loc":{"start":{"line":13,"column":2},"end":{"line":15,"column":3}},"locations":[{"start":{"line":13,"column":2},"end":{"line":15,"column":3}}]},"5":{"type":"branch","line":14,"loc":{"start":{"line":14,"column":27},"end":{"line":14,"column":39}},"locations":[{"start":{"line":14,"column":27},"end":{"line":14,"column":39}}]},"6":{"type":"branch","line":17,"loc":{"start":{"line":17,"column":2},"end":{"line":22,"column":3}},"locations":[{"start":{"line":17,"column":2},"end":{"line":22,"column":3}}]}},"b":{"0":[7],"1":[19],"2":[7],"3":[1],"4":[15],"5":[13],"6":[14]},"fnMap":{"0":{"name":"InMemoryUsersRepository","decl":{"start":{"line":6,"column":0},"end":{"line":23,"column":1}},"loc":{"start":{"line":6,"column":0},"end":{"line":23,"column":1}},"line":6},"1":{"name":"Object.<anonymous>.InMemoryUsersRepository.findByEmail","decl":{"start":{"line":9,"column":2},"end":{"line":11,"column":3}},"loc":{"start":{"line":9,"column":2},"end":{"line":11,"column":3}},"line":9},"2":{"name":"Object.<anonymous>.InMemoryUsersRepository.findById","decl":{"start":{"line":13,"column":2},"end":{"line":15,"column":3}},"loc":{"start":{"line":13,"column":2},"end":{"line":15,"column":3}},"line":13},"3":{"name":"Object.<anonymous>.InMemoryUsersRepository.create","decl":{"start":{"line":17,"column":2},"end":{"line":22,"column":3}},"loc":{"start":{"line":17,"column":2},"end":{"line":22,"column":3}},"line":17}},"f":{"0":19,"1":7,"2":15,"3":14}}
,"/home/natalia/desafio_nodejs/financial_statement/src/modules/users/useCases/authenticateUser/AuthenticateUserUseCase.ts": {"path":"/home/natalia/desafio_nodejs/financial_statement/src/modules/users/useCases/authenticateUser/AuthenticateUserUseCase.ts","all":false,"statementMap":{"0":{"start":{"line":1,"column":0},"end":{"line":1,"column":46}},"1":{"start":{"line":2,"column":0},"end":{"line":2,"column":35}},"2":{"start":{"line":3,"column":0},"end":{"line":3,"column":36}},"3":{"start":{"line":4,"column":0},"end":{"line":4,"column":0}},"4":{"start":{"line":5,"column":0},"end":{"line":5,"column":49}},"5":{"start":{"line":6,"column":0},"end":{"line":6,"column":0}},"6":{"start":{"line":7,"column":0},"end":{"line":7,"column":71}},"7":{"start":{"line":8,"column":0},"end":{"line":8,"column":78}},"8":{"start":{"line":9,"column":0},"end":{"line":9,"column":80}},"9":{"start":{"line":10,"column":0},"end":{"line":10,"column":0}},"10":{"start":{"line":11,"column":0},"end":{"line":11,"column":20}},"11":{"start":{"line":12,"column":0},"end":{"line":12,"column":16}},"12":{"start":{"line":13,"column":0},"end":{"line":13,"column":19}},"13":{"start":{"line":14,"column":0},"end":{"line":14,"column":1}},"14":{"start":{"line":15,"column":0},"end":{"line":15,"column":0}},"15":{"start":{"line":16,"column":0},"end":{"line":16,"column":13}},"16":{"start":{"line":17,"column":0},"end":{"line":17,"column":38}},"17":{"start":{"line":18,"column":0},"end":{"line":18,"column":14}},"18":{"start":{"line":19,"column":0},"end":{"line":19,"column":30}},"19":{"start":{"line":20,"column":0},"end":{"line":20,"column":46}},"20":{"start":{"line":21,"column":0},"end":{"line":21,"column":6}},"21":{"start":{"line":22,"column":0},"end":{"line":22,"column":0}},"22":{"start":{"line":23,"column":0},"end":{"line":23,"column":87}},"23":{"start":{"line":24,"column":0},"end":{"line":24,"column":63}},"24":{"start":{"line":25,"column":0},"end":{"line":25,"column":0}},"25":{"start":{"line":26,"column":0},"end":{"line":26,"column":15}},"26":{"start":{"line":27,"column":0},"end":{"line":27,"column":48}},"27":{"start":{"line":28,"column":0},"end":{"line":28,"column":5}},"28":{"start":{"line":29,"column":0},"end":{"line":29,"column":0}},"29":{"start":{"line":30,"column":0},"end":{"line":30,"column":65}},"30":{"start":{"line":31,"column":0},"end":{"line":31,"column":0}},"31":{"start":{"line":32,"column":0},"end":{"line":32,"column":25}},"32":{"start":{"line":33,"column":0},"end":{"line":33,"column":48}},"33":{"start":{"line":34,"column":0},"end":{"line":34,"column":5}},"34":{"start":{"line":35,"column":0},"end":{"line":35,"column":0}},"35":{"start":{"line":36,"column":0},"end":{"line":36,"column":49}},"36":{"start":{"line":37,"column":0},"end":{"line":37,"column":0}},"37":{"start":{"line":38,"column":0},"end":{"line":38,"column":42}},"38":{"start":{"line":39,"column":0},"end":{"line":39,"column":23}},"39":{"start":{"line":40,"column":0},"end":{"line":40,"column":16}},"40":{"start":{"line":41,"column":0},"end":{"line":41,"column":7}},"41":{"start":{"line":42,"column":0},"end":{"line":42,"column":0}},"42":{"start":{"line":43,"column":0},"end":{"line":43,"column":12}},"43":{"start":{"line":44,"column":0},"end":{"line":44,"column":13}},"44":{"start":{"line":45,"column":0},"end":{"line":45,"column":20}},"45":{"start":{"line":46,"column":0},"end":{"line":46,"column":24}},"46":{"start":{"line":47,"column":0},"end":{"line":47,"column":25}},"47":{"start":{"line":48,"column":0},"end":{"line":48,"column":8}},"48":{"start":{"line":49,"column":0},"end":{"line":49,"column":11}},"49":{"start":{"line":50,"column":0},"end":{"line":50,"column":5}},"50":{"start":{"line":51,"column":0},"end":{"line":51,"column":3}},"51":{"start":{"line":52,"column":0},"end":{"line":52,"column":1}}},"s":{"0":1,"1":1,"2":1,"3":1,"4":1,"5":1,"6":1,"7":1,"8":1,"9":1,"10":1,"11":1,"12":1,"13":1,"14":1,"15":1,"16":1,"17":1,"18":3,"19":3,"20":3,"21":1,"22":1,"23":2,"24":2,"25":2,"26":1,"27":1,"28":1,"29":1,"30":2,"31":2,"32":0,"33":0,"34":2,"35":2,"36":2,"37":2,"38":2,"39":2,"40":2,"41":2,"42":2,"43":2,"44":2,"45":2,"46":2,"47":2,"48":2,"49":2,"50":2,"51":1},"branchMap":{"0":{"type":"branch","line":17,"loc":{"start":{"line":17,"column":0},"end":{"line":52,"column":1}},"locations":[{"start":{"line":17,"column":0},"end":{"line":52,"column":1}}]},"1":{"type":"branch","line":18,"loc":{"start":{"line":18,"column":2},"end":{"line":21,"column":6}},"locations":[{"start":{"line":18,"column":2},"end":{"line":21,"column":6}}]},"2":{"type":"branch","line":23,"loc":{"start":{"line":23,"column":2},"end":{"line":51,"column":3}},"locations":[{"start":{"line":23,"column":2},"end":{"line":51,"column":3}}]},"3":{"type":"branch","line":24,"loc":{"start":{"line":24,"column":17},"end":{"line":24,"column":63}},"locations":[{"start":{"line":24,"column":17},"end":{"line":24,"column":63}}]},"4":{"type":"branch","line":26,"loc":{"start":{"line":26,"column":14},"end":{"line":30,"column":65}},"locations":[{"start":{"line":26,"column":14},"end":{"line":30,"column":65}}]},"5":{"type":"branch","line":32,"loc":{"start":{"line":32,"column":24},"end":{"line":34,"column":5}},"locations":[{"start":{"line":32,"column":24},"end":{"line":34,"column":5}}]}},"b":{"0":[1],"1":[3],"2":[2],"3":[2],"4":[1],"5":[0]},"fnMap":{"0":{"name":"AuthenticateUserUseCase","decl":{"start":{"line":18,"column":2},"end":{"line":21,"column":6}},"loc":{"start":{"line":18,"column":2},"end":{"line":21,"column":6}},"line":18},"1":{"name":"Object.<anonymous>.AuthenticateUserUseCase.execute","decl":{"start":{"line":23,"column":2},"end":{"line":51,"column":3}},"loc":{"start":{"line":23,"column":2},"end":{"line":51,"column":3}},"line":23}},"f":{"0":3,"1":2}}
,"/home/natalia/desafio_nodejs/financial_statement/src/modules/users/useCases/authenticateUser/IncorrectEmailOrPasswordError.ts": {"path":"/home/natalia/desafio_nodejs/financial_statement/src/modules/users/useCases/authenticateUser/IncorrectEmailOrPasswordError.ts","all":false,"statementMap":{"0":{"start":{"line":1,"column":0},"end":{"line":1,"column":62}},"1":{"start":{"line":2,"column":0},"end":{"line":2,"column":0}},"2":{"start":{"line":3,"column":0},"end":{"line":3,"column":61}},"3":{"start":{"line":4,"column":0},"end":{"line":4,"column":17}},"4":{"start":{"line":5,"column":0},"end":{"line":5,"column":46}},"5":{"start":{"line":6,"column":0},"end":{"line":6,"column":3}},"6":{"start":{"line":7,"column":0},"end":{"line":7,"column":1}}},"s":{"0":1,"1":1,"2":1,"3":1,"4":1,"5":1,"6":1},"branchMap":{"0":{"type":"branch","line":3,"loc":{"start":{"line":3,"column":0},"end":{"line":7,"column":1}},"locations":[{"start":{"line":3,"column":0},"end":{"line":7,"column":1}}]},"1":{"type":"branch","line":4,"loc":{"start":{"line":4,"column":2},"end":{"line":6,"column":3}},"locations":[{"start":{"line":4,"column":2},"end":{"line":6,"column":3}}]}},"b":{"0":[1],"1":[1]},"fnMap":{"0":{"name":"IncorrectEmailOrPasswordError","decl":{"start":{"line":4,"column":2},"end":{"line":6,"column":3}},"loc":{"start":{"line":4,"column":2},"end":{"line":6,"column":3}},"line":4}},"f":{"0":1}}
,"/home/natalia/desafio_nodejs/financial_statement/src/modules/users/useCases/createUser/CreateUserError.ts": {"path":"/home/natalia/desafio_nodejs/financial_statement/src/modules/users/useCases/createUser/CreateUserError.ts","all":false,"statementMap":{"0":{"start":{"line":1,"column":0},"end":{"line":1,"column":62}},"1":{"start":{"line":2,"column":0},"end":{"line":2,"column":0}},"2":{"start":{"line":3,"column":0},"end":{"line":3,"column":47}},"3":{"start":{"line":4,"column":0},"end":{"line":4,"column":17}},"4":{"start":{"line":5,"column":0},"end":{"line":5,"column":33}},"5":{"start":{"line":6,"column":0},"end":{"line":6,"column":3}},"6":{"start":{"line":7,"column":0},"end":{"line":7,"column":1}}},"s":{"0":1,"1":1,"2":3,"3":3,"4":0,"5":0,"6":3},"branchMap":{"0":{"type":"branch","line":3,"loc":{"start":{"line":3,"column":0},"end":{"line":7,"column":1}},"locations":[{"start":{"line":3,"column":0},"end":{"line":7,"column":1}}]}},"b":{"0":[3]},"fnMap":{"0":{"name":"CreateUserError","decl":{"start":{"line":4,"column":2},"end":{"line":6,"column":3}},"loc":{"start":{"line":4,"column":2},"end":{"line":6,"column":3}},"line":4}},"f":{"0":0}}
,"/home/natalia/desafio_nodejs/financial_statement/src/modules/users/useCases/createUser/CreateUserUseCase.ts": {"path":"/home/natalia/desafio_nodejs/financial_statement/src/modules/users/useCases/createUser/CreateUserUseCase.ts","all":false,"statementMap":{"0":{"start":{"line":1,"column":0},"end":{"line":1,"column":46}},"1":{"start":{"line":2,"column":0},"end":{"line":2,"column":32}},"2":{"start":{"line":3,"column":0},"end":{"line":3,"column":0}},"3":{"start":{"line":4,"column":0},"end":{"line":4,"column":52}},"4":{"start":{"line":5,"column":0},"end":{"line":5,"column":0}},"5":{"start":{"line":6,"column":0},"end":{"line":6,"column":71}},"6":{"start":{"line":7,"column":0},"end":{"line":7,"column":50}},"7":{"start":{"line":8,"column":0},"end":{"line":8,"column":0}},"8":{"start":{"line":9,"column":0},"end":{"line":9,"column":13}},"9":{"start":{"line":10,"column":0},"end":{"line":10,"column":32}},"10":{"start":{"line":11,"column":0},"end":{"line":11,"column":14}},"11":{"start":{"line":12,"column":0},"end":{"line":12,"column":30}},"12":{"start":{"line":13,"column":0},"end":{"line":13,"column":46}},"13":{"start":{"line":14,"column":0},"end":{"line":14,"column":6}},"14":{"start":{"line":15,"column":0},"end":{"line":15,"column":0}},"15":{"start":{"line":16,"column":0},"end":{"line":16,"column":60}},"16":{"start":{"line":17,"column":0},"end":{"line":17,"column":76}},"17":{"start":{"line":18,"column":0},"end":{"line":18,"column":0}},"18":{"start":{"line":19,"column":0},"end":{"line":19,"column":28}},"19":{"start":{"line":20,"column":0},"end":{"line":20,"column":34}},"20":{"start":{"line":21,"column":0},"end":{"line":21,"column":5}},"21":{"start":{"line":22,"column":0},"end":{"line":22,"column":0}},"22":{"start":{"line":23,"column":0},"end":{"line":23,"column":49}},"23":{"start":{"line":24,"column":0},"end":{"line":24,"column":0}},"24":{"start":{"line":25,"column":0},"end":{"line":25,"column":52}},"25":{"start":{"line":26,"column":0},"end":{"line":26,"column":12}},"26":{"start":{"line":27,"column":0},"end":{"line":27,"column":11}},"27":{"start":{"line":28,"column":0},"end":{"line":28,"column":29}},"28":{"start":{"line":29,"column":0},"end":{"line":29,"column":7}},"29":{"start":{"line":30,"column":0},"end":{"line":30,"column":0}},"30":{"start":{"line":31,"column":0},"end":{"line":31,"column":16}},"31":{"start":{"line":32,"column":0},"end":{"line":32,"column":3}},"32":{"start":{"line":33,"column":0},"end":{"line":33,"column":1}}},"s":{"0":1,"1":1,"2":1,"3":1,"4":1,"5":1,"6":1,"7":1,"8":1,"9":3,"10":3,"11":8,"12":8,"13":8,"14":3,"15":3,"16":5,"17":5,"18":5,"19":0,"20":0,"21":5,"22":5,"23":5,"24":5,"25":5,"26":5,"27":5,"28":5,"29":5,"30":5,"31":5,"32":3},"branchMap":{"0":{"type":"branch","line":10,"loc":{"start":{"line":10,"column":0},"end":{"line":33,"column":1}},"locations":[{"start":{"line":10,"column":0},"end":{"line":33,"column":1}}]},"1":{"type":"branch","line":11,"loc":{"start":{"line":11,"column":2},"end":{"line":14,"column":6}},"locations":[{"start":{"line":11,"column":2},"end":{"line":14,"column":6}}]},"2":{"type":"branch","line":16,"loc":{"start":{"line":16,"column":2},"end":{"line":32,"column":3}},"locations":[{"start":{"line":16,"column":2},"end":{"line":32,"column":3}}]},"3":{"type":"branch","line":17,"loc":{"start":{"line":17,"column":30},"end":{"line":17,"column":76}},"locations":[{"start":{"line":17,"column":30},"end":{"line":17,"column":76}}]},"4":{"type":"branch","line":19,"loc":{"start":{"line":19,"column":27},"end":{"line":21,"column":5}},"locations":[{"start":{"line":19,"column":27},"end":{"line":21,"column":5}}]}},"b":{"0":[3],"1":[8],"2":[5],"3":[5],"4":[0]},"fnMap":{"0":{"name":"CreateUserUseCase","decl":{"start":{"line":11,"column":2},"end":{"line":14,"column":6}},"loc":{"start":{"line":11,"column":2},"end":{"line":14,"column":6}},"line":11},"1":{"name":"Object.<anonymous>.CreateUserUseCase.execute","decl":{"start":{"line":16,"column":2},"end":{"line":32,"column":3}},"loc":{"start":{"line":16,"column":2},"end":{"line":32,"column":3}},"line":16}},"f":{"0":8,"1":5}}
,"/home/natalia/desafio_nodejs/financial_statement/src/modules/users/useCases/showUserProfile/ShowUserProfileError.ts": {"path":"/home/natalia/desafio_nodejs/financial_statement/src/modules/users/useCases/showUserProfile/ShowUserProfileError.ts","all":false,"statementMap":{"0":{"start":{"line":1,"column":0},"end":{"line":1,"column":62}},"1":{"start":{"line":2,"column":0},"end":{"line":2,"column":0}},"2":{"start":{"line":3,"column":0},"end":{"line":3,"column":52}},"3":{"start":{"line":4,"column":0},"end":{"line":4,"column":17}},"4":{"start":{"line":5,"column":0},"end":{"line":5,"column":33}},"5":{"start":{"line":6,"column":0},"end":{"line":6,"column":3}},"6":{"start":{"line":7,"column":0},"end":{"line":7,"column":1}}},"s":{"0":1,"1":1,"2":1,"3":1,"4":1,"5":1,"6":1},"branchMap":{"0":{"type":"branch","line":3,"loc":{"start":{"line":3,"column":0},"end":{"line":7,"column":1}},"locations":[{"start":{"line":3,"column":0},"end":{"line":7,"column":1}}]},"1":{"type":"branch","line":4,"loc":{"start":{"line":4,"column":2},"end":{"line":6,"column":3}},"locations":[{"start":{"line":4,"column":2},"end":{"line":6,"column":3}}]}},"b":{"0":[1],"1":[1]},"fnMap":{"0":{"name":"ShowUserProfileError","decl":{"start":{"line":4,"column":2},"end":{"line":6,"column":3}},"loc":{"start":{"line":4,"column":2},"end":{"line":6,"column":3}},"line":4}},"f":{"0":1}}
,"/home/natalia/desafio_nodejs/financial_statement/src/modules/users/useCases/showUserProfile/ShowUserProfileUseCase.ts": {"path":"/home/natalia/desafio_nodejs/financial_statement/src/modules/users/useCases/showUserProfile/ShowUserProfileUseCase.ts","all":false,"statementMap":{"0":{"start":{"line":1,"column":0},"end":{"line":1,"column":46}},"1":{"start":{"line":2,"column":0},"end":{"line":2,"column":0}},"2":{"start":{"line":3,"column":0},"end":{"line":3,"column":71}},"3":{"start":{"line":4,"column":0},"end":{"line":4,"column":62}},"4":{"start":{"line":5,"column":0},"end":{"line":5,"column":0}},"5":{"start":{"line":6,"column":0},"end":{"line":6,"column":13}},"6":{"start":{"line":7,"column":0},"end":{"line":7,"column":37}},"7":{"start":{"line":8,"column":0},"end":{"line":8,"column":14}},"8":{"start":{"line":9,"column":0},"end":{"line":9,"column":30}},"9":{"start":{"line":10,"column":0},"end":{"line":10,"column":46}},"10":{"start":{"line":11,"column":0},"end":{"line":11,"column":6}},"11":{"start":{"line":12,"column":0},"end":{"line":12,"column":0}},"12":{"start":{"line":13,"column":0},"end":{"line":13,"column":34}},"13":{"start":{"line":14,"column":0},"end":{"line":14,"column":62}},"14":{"start":{"line":15,"column":0},"end":{"line":15,"column":0}},"15":{"start":{"line":16,"column":0},"end":{"line":16,"column":16}},"16":{"start":{"line":17,"column":0},"end":{"line":17,"column":39}},"17":{"start":{"line":18,"column":0},"end":{"line":18,"column":5}},"18":{"start":{"line":19,"column":0},"end":{"line":19,"column":0}},"19":{"start":{"line":20,"column":0},"end":{"line":20,"column":16}},"20":{"start":{"line":21,"column":0},"end":{"line":21,"column":3}},"21":{"start":{"line":22,"column":0},"end":{"line":22,"column":1}}},"s":{"0":1,"1":1,"2":1,"3":1,"4":1,"5":1,"6":1,"7":1,"8":2,"9":2,"10":2,"11":1,"12":1,"13":2,"14":2,"15":2,"16":1,"17":1,"18":1,"19":1,"20":2,"21":1},"branchMap":{"0":{"type":"branch","line":7,"loc":{"start":{"line":7,"column":0},"end":{"line":22,"column":1}},"locations":[{"start":{"line":7,"column":0},"end":{"line":22,"column":1}}]},"1":{"type":"branch","line":8,"loc":{"start":{"line":8,"column":2},"end":{"line":11,"column":6}},"locations":[{"start":{"line":8,"column":2},"end":{"line":11,"column":6}}]},"2":{"type":"branch","line":13,"loc":{"start":{"line":13,"column":2},"end":{"line":21,"column":3}},"locations":[{"start":{"line":13,"column":2},"end":{"line":21,"column":3}}]},"3":{"type":"branch","line":14,"loc":{"start":{"line":14,"column":17},"end":{"line":14,"column":62}},"locations":[{"start":{"line":14,"column":17},"end":{"line":14,"column":62}}]},"4":{"type":"branch","line":16,"loc":{"start":{"line":16,"column":15},"end":{"line":20,"column":16}},"locations":[{"start":{"line":16,"column":15},"end":{"line":20,"column":16}}]}},"b":{"0":[1],"1":[2],"2":[2],"3":[2],"4":[1]},"fnMap":{"0":{"name":"ShowUserProfileUseCase","decl":{"start":{"line":8,"column":2},"end":{"line":11,"column":6}},"loc":{"start":{"line":8,"column":2},"end":{"line":11,"column":6}},"line":8},"1":{"name":"Object.<anonymous>.ShowUserProfileUseCase.execute","decl":{"start":{"line":13,"column":2},"end":{"line":21,"column":3}},"loc":{"start":{"line":13,"column":2},"end":{"line":21,"column":3}},"line":13}},"f":{"0":2,"1":2}}
,"/home/natalia/desafio_nodejs/financial_statement/src/shared/errors/AppError.ts": {"path":"/home/natalia/desafio_nodejs/financial_statement/src/shared/errors/AppError.ts","all":false,"statementMap":{"0":{"start":{"line":1,"column":0},"end":{"line":1,"column":23}},"1":{"start":{"line":2,"column":0},"end":{"line":2,"column":27}},"2":{"start":{"line":3,"column":0},"end":{"line":3,"column":0}},"3":{"start":{"line":4,"column":0},"end":{"line":4,"column":30}},"4":{"start":{"line":5,"column":0},"end":{"line":5,"column":0}},"5":{"start":{"line":6,"column":0},"end":{"line":6,"column":50}},"6":{"start":{"line":7,"column":0},"end":{"line":7,"column":27}},"7":{"start":{"line":8,"column":0},"end":{"line":8,"column":33}},"8":{"start":{"line":9,"column":0},"end":{"line":9,"column":3}},"9":{"start":{"line":10,"column":0},"end":{"line":10,"column":1}}},"s":{"0":7,"1":7,"2":7,"3":7,"4":7,"5":7,"6":10,"7":10,"8":10,"9":7},"branchMap":{"0":{"type":"branch","line":1,"loc":{"start":{"line":1,"column":0},"end":{"line":10,"column":1}},"locations":[{"start":{"line":1,"column":0},"end":{"line":10,"column":1}}]},"1":{"type":"branch","line":6,"loc":{"start":{"line":6,"column":2},"end":{"line":9,"column":3}},"locations":[{"start":{"line":6,"column":2},"end":{"line":9,"column":3}}]},"2":{"type":"branch","line":6,"loc":{"start":{"line":6,"column":31},"end":{"line":6,"column":50}},"locations":[{"start":{"line":6,"column":31},"end":{"line":6,"column":50}}]}},"b":{"0":[7],"1":[10],"2":[0]},"fnMap":{"0":{"name":"AppError","decl":{"start":{"line":6,"column":2},"end":{"line":9,"column":3}},"loc":{"start":{"line":6,"column":2},"end":{"line":9,"column":3}},"line":6}},"f":{"0":10}}
}
